
> @aula-ignite-ui/docs@1.0.0 build
> build-storybook

info @storybook/react v6.5.13
info 
info => Cleaning outputDir: /home/runner/work/rocketseat-design-system-aula/rocketseat-design-system-aula/packages/docs/storybook-static
info => Loading presets
info => Loading custom manager config
info => Compiling manager..
info => Loading custom manager config

attention => Storybook now collects completely anonymous telemetry regarding usage.
This information is used to shape Storybook's roadmap and prioritize features.
You can learn more, including how to opt-out if you'd not like to participate in this anonymous program, by visiting the following URL:
https://storybook.js.org/telemetry

[36mvite v3.2.4 [32mbuilding for production...[36m[39m
transforming...
Use of eval is strongly discouraged, as it poses security risks and may cause issues with minification
Use of eval is strongly discouraged, as it poses security risks and may cause issues with minification
Use of eval is strongly discouraged, as it poses security risks and may cause issues with minification
[32m✓[39m 2537 modules transformed.
rendering chunks...
[90m[37m[2mstorybook-static/[22m[90m[39m[32miframe.html                                         [39m [2m13.53 KiB[22m
[90m[37m[2mstorybook-static/[22m[90m[39m[36massets/index.a686a6cc.js                            [39m [2m7.21 KiB / gzip: 2.95 KiB[22m
[90m[37m[2mstorybook-static/[22m[90m[39m[90massets/index.a686a6cc.js.map                        [39m [2m15.35 KiB[22m
[90m[37m[2mstorybook-static/[22m[90m[39m[36massets/jsx-runtime.33573356.js                      [39m [2m1.06 KiB / gzip: 0.65 KiB[22m
[90m[37m[2mstorybook-static/[22m[90m[39m[90massets/jsx-runtime.33573356.js.map                  [39m [2m2.12 KiB[22m
[90m[37m[2mstorybook-static/[22m[90m[39m[36massets/es.map.constructor.70283421.js               [39m [2m0.24 KiB / gzip: 0.20 KiB[22m
[90m[37m[2mstorybook-static/[22m[90m[39m[90massets/es.map.constructor.70283421.js.map           [39m [2m0.75 KiB[22m
[90m[37m[2mstorybook-static/[22m[90m[39m[36massets/string.4dc6dfaa.js                           [39m [2m0.36 KiB / gzip: 0.28 KiB[22m
[90m[37m[2mstorybook-static/[22m[90m[39m[90massets/string.4dc6dfaa.js.map                       [39m [2m1.08 KiB[22m
[90m[37m[2mstorybook-static/[22m[90m[39m[36massets/config.a155276c.js                           [39m [2m5.87 KiB / gzip: 2.33 KiB[22m
[90m[37m[2mstorybook-static/[22m[90m[39m[90massets/config.a155276c.js.map                       [39m [2m20.26 KiB[22m
[90m[37m[2mstorybook-static/[22m[90m[39m[36massets/preview.3ab40d7b.js                          [39m [2m0.78 KiB / gzip: 0.48 KiB[22m
[90m[37m[2mstorybook-static/[22m[90m[39m[90massets/preview.3ab40d7b.js.map                      [39m [2m7.27 KiB[22m
[90m[37m[2mstorybook-static/[22m[90m[39m[36massets/make-decorator.fbe0207a.js                   [39m [2m0.84 KiB / gzip: 0.49 KiB[22m
[90m[37m[2mstorybook-static/[22m[90m[39m[90massets/make-decorator.fbe0207a.js.map               [39m [2m2.99 KiB[22m
[90m[37m[2mstorybook-static/[22m[90m[39m[36massets/preview.b4c8ba56.js                          [39m [2m1.84 KiB / gzip: 0.67 KiB[22m
[90m[37m[2mstorybook-static/[22m[90m[39m[90massets/preview.b4c8ba56.js.map                      [39m [2m4.19 KiB[22m
[90m[37m[2mstorybook-static/[22m[90m[39m[36massets/preview.e04de7e4.js                          [39m [2m9.52 KiB / gzip: 3.34 KiB[22m
[90m[37m[2mstorybook-static/[22m[90m[39m[90massets/preview.e04de7e4.js.map                      [39m [2m38.45 KiB[22m
[90m[37m[2mstorybook-static/[22m[90m[39m[36massets/preview.87fe21bf.js                          [39m [2m4.47 KiB / gzip: 1.71 KiB[22m
[90m[37m[2mstorybook-static/[22m[90m[39m[90massets/preview.87fe21bf.js.map                      [39m [2m16.78 KiB[22m
[90m[37m[2mstorybook-static/[22m[90m[39m[36massets/preview.db359bd1.js                          [39m [2m10.17 KiB / gzip: 3.94 KiB[22m
[90m[37m[2mstorybook-static/[22m[90m[39m[90massets/preview.db359bd1.js.map                      [39m [2m42.64 KiB[22m
[90m[37m[2mstorybook-static/[22m[90m[39m[36massets/es.number.to-fixed.b6441d2e.js               [39m [2m1.65 KiB / gzip: 1.00 KiB[22m
[90m[37m[2mstorybook-static/[22m[90m[39m[90massets/es.number.to-fixed.b6441d2e.js.map           [39m [2m8.00 KiB[22m
[90m[37m[2mstorybook-static/[22m[90m[39m[36massets/preview.348e188f.js                          [39m [2m7.96 KiB / gzip: 1.66 KiB[22m
[90m[37m[2mstorybook-static/[22m[90m[39m[90massets/preview.348e188f.js.map                      [39m [2m16.87 KiB[22m
[90m[37m[2mstorybook-static/[22m[90m[39m[36massets/preview.f6806123.js                          [39m [2m26.36 KiB / gzip: 8.32 KiB[22m
[90m[37m[2mstorybook-static/[22m[90m[39m[90massets/preview.f6806123.js.map                      [39m [2m102.60 KiB[22m
[90m[37m[2mstorybook-static/[22m[90m[39m[36massets/preview.fbe1f8b9.js                          [39m [2m3.32 KiB / gzip: 1.50 KiB[22m
[90m[37m[2mstorybook-static/[22m[90m[39m[90massets/preview.fbe1f8b9.js.map                      [39m [2m13.94 KiB[22m
[90m[37m[2mstorybook-static/[22m[90m[39m[36massets/preview.040ec0b4.js                          [39m [2m0.33 KiB / gzip: 0.25 KiB[22m
[90m[37m[2mstorybook-static/[22m[90m[39m[90massets/preview.040ec0b4.js.map                      [39m [2m0.54 KiB[22m
[90m[37m[2mstorybook-static/[22m[90m[39m[36massets/home.stories.71546803.js                     [39m [2m1.20 KiB / gzip: 0.70 KiB[22m
[90m[37m[2mstorybook-static/[22m[90m[39m[90massets/home.stories.71546803.js.map                 [39m [2m1.16 KiB[22m
[90m[37m[2mstorybook-static/[22m[90m[39m[36massets/colors.stories.5d60b1f1.js                   [39m [2m9.27 KiB / gzip: 3.94 KiB[22m
[90m[37m[2mstorybook-static/[22m[90m[39m[90massets/colors.stories.5d60b1f1.js.map               [39m [2m142.51 KiB[22m
[90m[37m[2mstorybook-static/[22m[90m[39m[36massets/index.70ffe6df.js                            [39m [2m0.87 KiB / gzip: 0.46 KiB[22m
[90m[37m[2mstorybook-static/[22m[90m[39m[90massets/index.70ffe6df.js.map                        [39m [2m2.46 KiB[22m
[90m[37m[2mstorybook-static/[22m[90m[39m[36massets/font-weights.stories.4ddb59e6.js             [39m [2m1.31 KiB / gzip: 0.74 KiB[22m
[90m[37m[2mstorybook-static/[22m[90m[39m[90massets/font-weights.stories.4ddb59e6.js.map         [39m [2m1.38 KiB[22m
[90m[37m[2mstorybook-static/[22m[90m[39m[36massets/TokensGrid.a17ec9d7.js                       [39m [2m1.07 KiB / gzip: 0.55 KiB[22m
[90m[37m[2mstorybook-static/[22m[90m[39m[90massets/TokensGrid.a17ec9d7.js.map                   [39m [2m1.58 KiB[22m
[90m[37m[2mstorybook-static/[22m[90m[39m[36massets/fonts-sizes.stories.293a2dd5.js              [39m [2m1.32 KiB / gzip: 0.75 KiB[22m
[90m[37m[2mstorybook-static/[22m[90m[39m[90massets/fonts-sizes.stories.293a2dd5.js.map          [39m [2m1.39 KiB[22m
[90m[37m[2mstorybook-static/[22m[90m[39m[36massets/fonts.stories.1d0e29da.js                    [39m [2m1.31 KiB / gzip: 0.74 KiB[22m
[90m[37m[2mstorybook-static/[22m[90m[39m[90massets/fonts.stories.1d0e29da.js.map                [39m [2m1.35 KiB[22m
[90m[37m[2mstorybook-static/[22m[90m[39m[36massets/line-height.stories.0f05977e.js              [39m [2m1.31 KiB / gzip: 0.74 KiB[22m
[90m[37m[2mstorybook-static/[22m[90m[39m[90massets/line-height.stories.0f05977e.js.map          [39m [2m1.38 KiB[22m
[90m[37m[2mstorybook-static/[22m[90m[39m[36massets/radii.stories.38866c80.js                    [39m [2m1.29 KiB / gzip: 0.73 KiB[22m
[90m[37m[2mstorybook-static/[22m[90m[39m[90massets/radii.stories.38866c80.js.map                [39m [2m1.33 KiB[22m
[90m[37m[2mstorybook-static/[22m[90m[39m[36massets/spaces.stories.3e6fbb95.js                   [39m [2m1.30 KiB / gzip: 0.75 KiB[22m
[90m[37m[2mstorybook-static/[22m[90m[39m[90massets/spaces.stories.3e6fbb95.js.map               [39m [2m1.36 KiB[22m
[90m[37m[2mstorybook-static/[22m[90m[39m[36massets/Avatar.stories.bc58dfe3.js                   [39m [2m0.44 KiB / gzip: 0.30 KiB[22m
[90m[37m[2mstorybook-static/[22m[90m[39m[90massets/Avatar.stories.bc58dfe3.js.map               [39m [2m0.10 KiB[22m
[90m[37m[2mstorybook-static/[22m[90m[39m[36massets/index.c044f0a6.js                            [39m [2m38.21 KiB / gzip: 13.57 KiB[22m
[90m[37m[2mstorybook-static/[22m[90m[39m[90massets/index.c044f0a6.js.map                        [39m [2m137.55 KiB[22m
[90m[37m[2mstorybook-static/[22m[90m[39m[36massets/Box.stories.482bd2ef.js                      [39m [2m0.39 KiB / gzip: 0.27 KiB[22m
[90m[37m[2mstorybook-static/[22m[90m[39m[90massets/Box.stories.482bd2ef.js.map                  [39m [2m0.10 KiB[22m
[90m[37m[2mstorybook-static/[22m[90m[39m[36massets/Button.stories.da4f18be.js                   [39m [2m2.97 KiB / gzip: 0.95 KiB[22m
[90m[37m[2mstorybook-static/[22m[90m[39m[90massets/Button.stories.da4f18be.js.map               [39m [2m5.94 KiB[22m
[90m[37m[2mstorybook-static/[22m[90m[39m[36massets/Checkbox.stories.98e166a6.js                 [39m [2m0.46 KiB / gzip: 0.32 KiB[22m
[90m[37m[2mstorybook-static/[22m[90m[39m[90massets/Checkbox.stories.98e166a6.js.map             [39m [2m0.11 KiB[22m
[90m[37m[2mstorybook-static/[22m[90m[39m[36massets/Heading.stories.03cb4374.js                  [39m [2m0.60 KiB / gzip: 0.39 KiB[22m
[90m[37m[2mstorybook-static/[22m[90m[39m[90massets/Heading.stories.03cb4374.js.map              [39m [2m0.11 KiB[22m
[90m[37m[2mstorybook-static/[22m[90m[39m[36massets/MultStep.stories.97ea2f5f.js                 [39m [2m0.46 KiB / gzip: 0.32 KiB[22m
[90m[37m[2mstorybook-static/[22m[90m[39m[90massets/MultStep.stories.97ea2f5f.js.map             [39m [2m0.11 KiB[22m
[90m[37m[2mstorybook-static/[22m[90m[39m[36massets/Text.stories.396dd335.js                     [39m [2m0.75 KiB / gzip: 0.46 KiB[22m
[90m[37m[2mstorybook-static/[22m[90m[39m[90massets/Text.stories.396dd335.js.map                 [39m [2m0.10 KiB[22m
[90m[37m[2mstorybook-static/[22m[90m[39m[36massets/TextArea.stories.4a11d6f7.js                 [39m [2m0.55 KiB / gzip: 0.37 KiB[22m
[90m[37m[2mstorybook-static/[22m[90m[39m[90massets/TextArea.stories.4a11d6f7.js.map             [39m [2m0.11 KiB[22m
[90m[37m[2mstorybook-static/[22m[90m[39m[36massets/TextInput.stories.9f51e361.js                [39m [2m0.59 KiB / gzip: 0.39 KiB[22m
[90m[37m[2mstorybook-static/[22m[90m[39m[90massets/TextInput.stories.9f51e361.js.map            [39m [2m0.11 KiB[22m
[90m[37m[2mstorybook-static/[22m[90m[39m[36massets/renderDocs.a917b320.js                       [39m [2m2.65 KiB / gzip: 1.29 KiB[22m
[90m[37m[2mstorybook-static/[22m[90m[39m[90massets/renderDocs.a917b320.js.map                   [39m [2m9.54 KiB[22m
[90m[37m[2mstorybook-static/[22m[90m[39m[36massets/client.835db7e3.js                           [39m [2m0.67 KiB / gzip: 0.42 KiB[22m
[90m[37m[2mstorybook-static/[22m[90m[39m[90massets/client.835db7e3.js.map                       [39m [2m0.89 KiB[22m
[90m[37m[2mstorybook-static/[22m[90m[39m[36massets/index.49daa552.js                            [39m [2m2.49 KiB / gzip: 1.22 KiB[22m
[90m[37m[2mstorybook-static/[22m[90m[39m[90massets/index.49daa552.js.map                        [39m [2m5.96 KiB[22m
[90m[37m[2mstorybook-static/[22m[90m[39m[36massets/es.string.from-code-point.c3948add.js        [39m [2m0.52 KiB / gzip: 0.39 KiB[22m
[90m[37m[2mstorybook-static/[22m[90m[39m[90massets/es.string.from-code-point.c3948add.js.map    [39m [2m2.13 KiB[22m
[90m[37m[2mstorybook-static/[22m[90m[39m[36massets/es.regexp.flags.75d5c876.js                  [39m [2m0.60 KiB / gzip: 0.42 KiB[22m
[90m[37m[2mstorybook-static/[22m[90m[39m[90massets/es.regexp.flags.75d5c876.js.map              [39m [2m2.68 KiB[22m
[90m[37m[2mstorybook-static/[22m[90m[39m[36massets/GlobalScrollAreaStyles-8793ce4a.a0c8b6cc.js  [39m [2m10.33 KiB / gzip: 2.37 KiB[22m
[90m[37m[2mstorybook-static/[22m[90m[39m[90massets/GlobalScrollAreaStyles-8793ce4a.a0c8b6cc.js.map[39m [2m20.39 KiB[22m
[90m[37m[2mstorybook-static/[22m[90m[39m[36massets/WithTooltip-167e9982.aea2b8df.js             [39m [2m40.44 KiB / gzip: 13.54 KiB[22m
[90m[37m[2mstorybook-static/[22m[90m[39m[90massets/WithTooltip-167e9982.aea2b8df.js.map         [39m [2m176.40 KiB[22m
[90m[37m[2mstorybook-static/[22m[90m[39m[36massets/Color-f953d088.5e725531.js                   [39m [2m33.86 KiB / gzip: 12.77 KiB[22m
[90m[37m[2mstorybook-static/[22m[90m[39m[90massets/Color-f953d088.5e725531.js.map               [39m [2m129.52 KiB[22m
[90m[37m[2mstorybook-static/[22m[90m[39m[35massets/TokensGrid.37594f72.css                      [39m [2m0.42 KiB / gzip: 0.22 KiB[22m
[90m[37m[2mstorybook-static/[22m[90m[39m[36massets/index.9574bfc4.js                            [39m [2m59.72 KiB / gzip: 21.77 KiB[22m
[90m[37m[2mstorybook-static/[22m[90m[39m[90massets/index.9574bfc4.js.map                        [39m [2m266.70 KiB[22m
[90m[37m[2mstorybook-static/[22m[90m[39m[36massets/OverlayScrollbars-1355f44c.59477a3f.js       [39m [2m63.21 KiB / gzip: 26.82 KiB[22m
[90m[37m[2mstorybook-static/[22m[90m[39m[90massets/OverlayScrollbars-1355f44c.59477a3f.js.map   [39m [2m430.15 KiB[22m
[90m[37m[2mstorybook-static/[22m[90m[39m[36massets/index.a95186de.js                            [39m [2m135.69 KiB / gzip: 44.59 KiB[22m
[90m[37m[2mstorybook-static/[22m[90m[39m[90massets/index.a95186de.js.map                        [39m [2m327.51 KiB[22m
[90m[37m[2mstorybook-static/[22m[90m[39m[36massets/syntaxhighlighter-b07b042a.95e2f330.js       [39m [2m125.90 KiB / gzip: 47.90 KiB[22m
[90m[37m[2mstorybook-static/[22m[90m[39m[90massets/syntaxhighlighter-b07b042a.95e2f330.js.map   [39m [2m455.28 KiB[22m
[90m[37m[2mstorybook-static/[22m[90m[39m[36massets/config.3fbb6742.js                           [39m [2m411.89 KiB / gzip: 119.90 KiB[22m
[90m[37m[2mstorybook-static/[22m[90m[39m[90massets/config.3fbb6742.js.map                       [39m [33m1413.00 KiB[39m
[90m[37m[2mstorybook-static/[22m[90m[39m[36massets/Props.32294241.js                            [39m [2m411.48 KiB / gzip: 121.21 KiB[22m
[90m[37m[2mstorybook-static/[22m[90m[39m[90massets/Props.32294241.js.map                        [39m [33m880.39 KiB[39m
[90m[37m[2mstorybook-static/[22m[90m[39m[36massets/axe.cb874b96.js                              [39m [2m490.53 KiB / gzip: 131.68 KiB[22m
[90m[37m[2mstorybook-static/[22m[90m[39m[90massets/axe.cb874b96.js.map                          [39m [33m1650.64 KiB[39m
[90m[37m[2mstorybook-static/[22m[90m[39m[36massets/iframe.19258e43.js                           [39m [33m507.48 KiB / gzip: 141.03 KiB[39m
[90m[37m[2mstorybook-static/[22m[90m[39m[90massets/iframe.19258e43.js.map                       [39m [33m1396.03 KiB[39m
[90m[37m[2mstorybook-static/[22m[90m[39m[36massets/formatter-0d5cb0eb.40338b84.js               [39m [33m740.91 KiB / gzip: 234.00 KiB[39m
[90m[37m[2mstorybook-static/[22m[90m[39m[90massets/formatter-0d5cb0eb.40338b84.js.map           [39m [33m1741.89 KiB[39m
[33m
(!) Some chunks are larger than 500 KiB after minification. Consider:
- Using dynamic import() to code-split the application
- Use build.rollupOptions.output.manualChunks to improve chunking: https://rollupjs.org/guide/en/#outputmanualchunks
- Adjust chunk size limit for this warning via build.chunkSizeWarningLimit.[39m
info => Manager built (1.18 min)
info => Output directory: /home/runner/work/rocketseat-design-system-aula/rocketseat-design-system-aula/packages/docs/storybook-static
